2015-04-01 13:20:19,119 WARNING init_log:98 Starting Simulation
2015-04-01 13:20:28,087 INFO runSeveralSeries:105 ('/data/research/06.origins_of_life/pdmmod/models/012/pdmmod', 'simulateTime', '60', '3', '/data/research/06.origins_of_life/pdmmod/models/012/012_output0/traj0')
2015-04-01 13:20:36,731 INFO runSeveralSeries:105 ('/data/research/06.origins_of_life/pdmmod/models/012/pdmmod', 'simulateTime', '60', '3', '/data/research/06.origins_of_life/pdmmod/models/012/012_output0/traj1')
2015-04-01 13:20:45,622 INFO runSeveralSeries:105 ('/data/research/06.origins_of_life/pdmmod/models/012/pdmmod', 'simulateTime', '60', '3', '/data/research/06.origins_of_life/pdmmod/models/012/012_output0/traj2')
2015-04-01 13:20:45,626 WARNING _makeHeader:113 1
2015-04-01 13:20:45,627 INFO _makeStatistics:179 ['/data/research/06.origins_of_life/pdmmod/models/012/012_output0/traj0', '/data/research/06.origins_of_life/pdmmod/models/012/012_output0/traj1', '/data/research/06.origins_of_life/pdmmod/models/012/012_output0/traj2']
2015-04-01 13:20:45,909 INFO _makeStatistics:194 Termination condition is met on line 20 in <_io.TextIOWrapper name='/data/research/06.origins_of_life/pdmmod/models/012/012_output0/traj0' mode='r' encoding='UTF-8'>
2015-04-01 13:20:45,909 INFO _makeStatistics:194 Termination condition is met on line 20 in <_io.TextIOWrapper name='/data/research/06.origins_of_life/pdmmod/models/012/012_output0/traj1' mode='r' encoding='UTF-8'>
2015-04-01 13:20:45,910 INFO _makeStatistics:194 Termination condition is met on line 20 in <_io.TextIOWrapper name='/data/research/06.origins_of_life/pdmmod/models/012/012_output0/traj2' mode='r' encoding='UTF-8'>
2015-04-01 13:20:45,910 INFO _makeStatistics:209 number of points is 21
2015-04-01 15:32:02,705 WARNING init_log:98 Starting Simulation
2015-04-01 15:32:10,002 INFO runSeveralSeries:105 ('/data/research/06.origins_of_life/pdmmod/models/012/pdmmod', 'simulateTime', '20', '1', '/data/research/06.origins_of_life/pdmmod/models/012/012_output1/traj0')
2015-04-01 15:32:17,457 INFO runSeveralSeries:105 ('/data/research/06.origins_of_life/pdmmod/models/012/pdmmod', 'simulateTime', '20', '1', '/data/research/06.origins_of_life/pdmmod/models/012/012_output1/traj1')
2015-04-01 15:32:24,874 INFO runSeveralSeries:105 ('/data/research/06.origins_of_life/pdmmod/models/012/pdmmod', 'simulateTime', '20', '1', '/data/research/06.origins_of_life/pdmmod/models/012/012_output1/traj2')
2015-04-01 15:32:24,878 WARNING _makeHeader:113 1
2015-04-01 15:32:24,879 INFO _makeStatistics:179 ['/data/research/06.origins_of_life/pdmmod/models/012/012_output1/traj0', '/data/research/06.origins_of_life/pdmmod/models/012/012_output1/traj1', '/data/research/06.origins_of_life/pdmmod/models/012/012_output1/traj2']
2015-04-01 15:32:24,975 INFO _makeStatistics:194 Termination condition is met on line 20 in <_io.TextIOWrapper name='/data/research/06.origins_of_life/pdmmod/models/012/012_output1/traj0' mode='r' encoding='UTF-8'>
2015-04-01 15:32:24,975 INFO _makeStatistics:194 Termination condition is met on line 20 in <_io.TextIOWrapper name='/data/research/06.origins_of_life/pdmmod/models/012/012_output1/traj1' mode='r' encoding='UTF-8'>
2015-04-01 15:32:24,976 INFO _makeStatistics:194 Termination condition is met on line 20 in <_io.TextIOWrapper name='/data/research/06.origins_of_life/pdmmod/models/012/012_output1/traj2' mode='r' encoding='UTF-8'>
2015-04-01 15:32:24,976 INFO _makeStatistics:209 number of points is 21
